2017-05-13 20:42:49.291 INFO [lt-dispatcher-4] INFO a.e.s.Slf4jLogger@92 - Slf4jLogger started
2017-05-13 20:43:04.915 INFO [lt-dispatcher-3] INFO a.e.s.Slf4jLogger@92 - Slf4jLogger started
2017-05-15 10:14:27.413 INFO [lt-dispatcher-4] INFO a.e.s.Slf4jLogger@92 - Slf4jLogger started
2017-05-15 10:14:28.505 ERROR[lt-dispatcher-3] ERROR i.f.Main$@34 - Failed to issue request to openApi with:
akka.http.scaladsl.model.IllegalUriException: Cannot determine request scheme and target endpoint as HttpMethod(GET) request to api.openweathermap.org/data/2.5/weather?q=Tallinn&appid=2182e22bc0c19621b0081b0f30de71b2 doesn't have an absolute URI
	at akka.http.scaladsl.HttpExt.akka$http$scaladsl$HttpExt$$sharedGateway(Http.scala:679)
	at akka.http.scaladsl.HttpExt.singleRequest(Http.scala:552)
	at io.forecastify.api.OpenWeatherMapApiClient.request(OpenWeatherMapApiClient.scala:33)
	at io.forecastify.api.OpenWeatherMapApiClient.fetchCurrentWeather(OpenWeatherMapApiClient.scala:24)
	at io.forecastify.Main$.delayedEndpoint$io$forecastify$Main$1(Main.scala:29)
	at io.forecastify.Main$delayedInit$body.apply(Main.scala:14)
	at scala.Function0$class.apply$mcV$sp(Function0.scala:34)
	at scala.runtime.AbstractFunction0.apply$mcV$sp(AbstractFunction0.scala:12)
	at scala.App$$anonfun$main$1.apply(App.scala:76)
	at scala.App$$anonfun$main$1.apply(App.scala:76)
	at scala.collection.immutable.List.foreach(List.scala:392)
	at scala.collection.generic.TraversableForwarder$class.foreach(TraversableForwarder.scala:35)
	at scala.App$class.main(App.scala:76)
	at io.forecastify.Main$.main(Main.scala:14)
	at io.forecastify.Main.main(Main.scala)
2017-05-15 10:15:33.309 INFO [lt-dispatcher-2] INFO a.e.s.Slf4jLogger@92 - Slf4jLogger started
2017-05-15 10:15:35.096 ERROR[lt-dispatcher-2] ERROR i.f.Main$@34 - Failed to issue request to openApi with:
akka.http.scaladsl.server.RejectionError: null
	at de.heikoseeberger.akkahttpplayjson.PlayJsonSupport$$anonfun$read$1$1.apply(PlayJsonSupport.scala:69)
	at de.heikoseeberger.akkahttpplayjson.PlayJsonSupport$$anonfun$read$1$1.apply(PlayJsonSupport.scala:68)
	at play.api.libs.json.JsError.recoverTotal(JsResult.scala:76)
	at de.heikoseeberger.akkahttpplayjson.PlayJsonSupport$class.read$1(PlayJsonSupport.scala:68)
	at de.heikoseeberger.akkahttpplayjson.PlayJsonSupport$$anonfun$unmarshaller$1.apply(PlayJsonSupport.scala:73)
	at de.heikoseeberger.akkahttpplayjson.PlayJsonSupport$$anonfun$unmarshaller$1.apply(PlayJsonSupport.scala:73)
	at akka.http.scaladsl.util.FastFuture$$anonfun$map$extension$1.apply(FastFuture.scala:23)
	at akka.http.scaladsl.util.FastFuture$$anonfun$map$extension$1.apply(FastFuture.scala:23)
	at akka.http.scaladsl.util.FastFuture$.akka$http$scaladsl$util$FastFuture$$strictTransform$1(FastFuture.scala:41)
	at akka.http.scaladsl.util.FastFuture$.transformWith$extension1(FastFuture.scala:45)
	at akka.http.scaladsl.util.FastFuture$.map$extension(FastFuture.scala:23)
	at akka.http.scaladsl.unmarshalling.Unmarshaller$$anonfun$map$1$$anonfun$apply$4$$anonfun$apply$5.apply(Unmarshaller.scala:26)
	at akka.http.scaladsl.unmarshalling.Unmarshaller$$anonfun$map$1$$anonfun$apply$4$$anonfun$apply$5.apply(Unmarshaller.scala:26)
	at akka.http.scaladsl.unmarshalling.Unmarshaller$$anonfun$transform$1$$anonfun$apply$2$$anonfun$apply$3.apply(Unmarshaller.scala:23)
	at akka.http.scaladsl.unmarshalling.Unmarshaller$$anonfun$transform$1$$anonfun$apply$2$$anonfun$apply$3.apply(Unmarshaller.scala:23)
	at akka.http.scaladsl.unmarshalling.Unmarshaller$$anon$1.apply(Unmarshaller.scala:58)
	at akka.http.scaladsl.unmarshalling.Unmarshal.to(Unmarshal.scala:25)
	at io.forecastify.api.OpenWeatherMapApiClient$$anonfun$request$1.apply(OpenWeatherMapApiClient.scala:35)
	at io.forecastify.api.OpenWeatherMapApiClient$$anonfun$request$1.apply(OpenWeatherMapApiClient.scala:33)
	at scala.concurrent.Future$$anonfun$flatMap$1.apply(Future.scala:253)
	at scala.concurrent.Future$$anonfun$flatMap$1.apply(Future.scala:251)
	at scala.concurrent.impl.CallbackRunnable.run(Promise.scala:36)
	at akka.dispatch.BatchingExecutor$AbstractBatch.processBatch(BatchingExecutor.scala:55)
	at akka.dispatch.BatchingExecutor$BlockableBatch$$anonfun$run$1.apply$mcV$sp(BatchingExecutor.scala:91)
	at akka.dispatch.BatchingExecutor$BlockableBatch$$anonfun$run$1.apply(BatchingExecutor.scala:91)
	at akka.dispatch.BatchingExecutor$BlockableBatch$$anonfun$run$1.apply(BatchingExecutor.scala:91)
	at scala.concurrent.BlockContext$.withBlockContext(BlockContext.scala:72)
	at akka.dispatch.BatchingExecutor$BlockableBatch.run(BatchingExecutor.scala:90)
	at akka.dispatch.TaskInvocation.run(AbstractDispatcher.scala:39)
	at akka.dispatch.ForkJoinExecutorConfigurator$AkkaForkJoinTask.exec(AbstractDispatcher.scala:415)
	at scala.concurrent.forkjoin.ForkJoinTask.doExec(ForkJoinTask.java:260)
	at scala.concurrent.forkjoin.ForkJoinPool$WorkQueue.runTask(ForkJoinPool.java:1339)
	at scala.concurrent.forkjoin.ForkJoinPool.runWorker(ForkJoinPool.java:1979)
	at scala.concurrent.forkjoin.ForkJoinWorkerThread.run(ForkJoinWorkerThread.java:107)
2017-05-15 10:17:04.980 INFO [lt-dispatcher-4] INFO a.e.s.Slf4jLogger@92 - Slf4jLogger started
2017-05-15 10:19:46.234 INFO [lt-dispatcher-4] INFO a.e.s.Slf4jLogger@92 - Slf4jLogger started
